info it worked if it ends with ok
verbose cli [ '/shared/software/c9/support/node-c9-builds/bin/node-sunos-v0.6.18-security',
verbose cli   '/shared/users/$ca/calvinmetcalf/npm/bin/npm-cli.js' ]
info using npm@1.0.106
info using node@v0.6.18
verbose config file /root/.npmrc
verbose config file /shared/software/c9/support/node-c9-builds/etc/npmrc
verbose config file /shared/users/$ca/calvinmetcalf/npm/npmrc
ERR! Error: ENOENT, readdir '/shared/users/$ca/calvinmetcalf/npm/man/man1/'
ERR! Report this *entire* log at:
ERR!     <http://github.com/isaacs/npm/issues>
ERR! or email it to:
ERR!     <npm-@googlegroups.com>
ERR! 
ERR! System SunOS 5.11
ERR! command "/shared/software/c9/support/node-c9-builds/bin/node-sunos-v0.6.18-security" "/shared/users/$ca/calvinmetcalf/npm/bin/npm-cli.js"
ERR! cwd /shared/users/$ca/calvinmetcalf/206187
ERR! node -v v0.6.18
ERR! npm -v 1.0.106
ERR! path /shared/users/$ca/calvinmetcalf/npm/man/man1/
ERR! code ENOENT
verbose exit [ 1, true ]
